solving part done
[(0,), (1, 3, 5, 12, 17, 31, 36, 37, 40, 42, 44, 48, 54, 58, 60, 63, 70, 72, 73, 76, 77, 78), (2, 7, 8, 13, 15, 19, 22, 26, 28, 32, 33, 34, 35, 38, 41, 45, 59, 61, 62, 71, 80, 84, 86), (4, 9, 10, 20, 21, 24, 25, 27, 43, 46, 47, 50, 52, 53, 55, 57, 67, 68, 69, 74, 75, 81, 83, 85), (6, 11, 14, 16, 18, 23, 29, 30, 39, 49, 51, 56, 64, 65, 66, 79, 82, 87)]
119.95963337823684
131.62492896284397
131.17614956000347
125.15746085851094
110.33667321717704
123.87726007294751
131.61768848336462
127.82933648313333
131.50711560972485
117.055766730054
123.20170903343589
107.63568313987078
126.96413119082413
129.1894712212104
141.05553309017213
118.92954148482595
134.9697077411356
119.94056202286663
130.5130127357415
129.79489884826867
140.59187612689226
111.57798666686995
129.40746732925447
150.08268971325816
126.33752178335807
129.88105369105
116.46220859823808
122.44259922405368
116.87719325698136
124.05898137232018
124.62531116452068
123.56807485149135
115.18590163337862
116.80533262071539
139.07973438727385
139.20483135922524
130.76025498978214
120.5267258413484
116.04537171980715
128.78664496649162
109.07007995355941
140.89670796091278
139.72577746422843
119.14551651204911
111.523345213537
125.00007577895465
144.55907983056704
120.24372768273403
129.55886249782193
149.21284693799373
121.0981948792616
126.77401786063604
128.89214466126228
127.65265762556062
119.11332412606681
121.95412201790502
131.74157632252684
123.97847837166384
120.01782257659701
104.38238130355025
117.7495868262118
129.3976044878295
113.55888763297664
137.0507629135717
120.12359407366498
141.6384238138083
123.81844399605997
139.00262893422382
113.29671247879392
111.05275073043131
112.9486510935083
109.11379896495774
122.82267815264147
113.70721084524612
115.85531242252543
123.27433464179961
121.86488278427747
130.01419132998367
119.56851237053273
132.5268830346532
126.03144487550276
103.01599279682522
131.51270849924262
120.81682251032365
127.1575013436288
128.57141504532115
113.46376320430366
105.679742704271
124.12359342898566
141.36452841667756
123.60189259992127
116.33424679773769
125.57122894703147
122.1097965266435
139.1226920443026
126.84968174966099
141.57710194898132
143.89583864986506
111.23910937011189
106.88604981978091
132.33901809252018
123.30851706756339
132.88058838320393
121.58863487956444
115.57702405345927
126.23117815016548
142.34080464392574
118.68867006856821
107.17774651577261
112.84111889976228
123.54761214273427
97.7051479132715
112.90947590756582
133.98214655595845
117.9061772428179
119.67690895425784
126.75928776773333
138.94883384703098
112.67808459346868
127.81313424827984
139.5764526024089
112.23611680248152
118.4306518991769
141.9735589021932
128.67606220724673
112.05097365919669
125.65500087455221
123.16461065956311
120.60865940331796
151.5450450254944
145.32530333803953
113.06596207177351
116.05863431982206
131.83041077420503
115.27019225734523
114.58072000022972
109.92209728885143
122.87985216845848
109.06959874838927
115.52652330768609
133.65679949018266
126.86390628782205
111.47679862818154
146.9696455023959
137.43465509632563
120.53584070311668
114.97637084683876
142.16434246602023
134.96364938810365
116.55281087303274
134.10792355134754
126.19335373030026
119.02591183842746
134.2795641500994
122.49924889586
120.64386309820011
117.11656116141107
126.32644928926896
111.87432710819041
129.49237527871608
136.61376617352053
131.56727273040417
110.74381116725867
115.52207353225128
122.36719831408277
134.29619712731932
122.97661624483712
115.23175282390386
131.4017200077703
120.44415964593813
117.55622639402432
138.26088024321336
118.80462373453166
133.8566383257011
127.25886733183235
126.26251280628995
145.1314265360746
124.9816721913857
124.42745177028125
123.73772787240034
111.89325394519346
120.14253333885578
124.82231552082509
120.00839745936995
130.85148245926473
116.84816017846809
121.65773229365415
123.20278120704654
112.00923534917003
135.7745519619604
126.72077423156571
130.92730359913492
125.07067234251943
131.8965631484532
116.07647647813639
114.34260820116799
132.5893239995715
122.85991599682204
110.82842068088395
130.6027073853173
Final Total Cost :  97.7051479132715
{0: [21, 20, 67, 53, 25, 57, 80, 27, 55, 74, 69, 68, 82, 64, 75, 83, 24, 81, 43, 46, 9, 21], 1: [61, 28, 84, 77, 78, 63, 58, 37, 44, 54, 31, 70, 73, 5, 72, 12, 76, 17, 71, 3, 1, 61], 2: [30, 29, 11, 6, 66, 16, 14, 56, 36, 42, 60, 52, 51, 47, 50, 49, 18, 79, 39, 65, 23, 30], 3: [35, 33, 59, 34, 40, 48, 62, 26, 15, 45, 8, 38, 2, 22, 10, 4, 32, 41, 7, 13, 19, 35]}
Total Cost ==  106.17871200313384
{0: [27, 55, 21, 9, 24, 83, 75, 68, 69, 74, 82, 64, 57, 80, 88, 46, 43, 81, 27], 1: [73, 70, 31, 54, 44, 37, 58, 76, 17, 71, 3, 1, 61, 63, 12, 72, 5, 73], 2: [18, 49, 50, 47, 51, 52, 60, 42, 36, 56, 14, 16, 39, 79, 65, 23, 30, 18], 3: [13, 7, 41, 32, 22, 10, 4, 2, 38, 8, 45, 15, 26, 62, 48, 19, 35, 13]}
